[debug] [2024-05-19T07:19:22.973Z] ----------------------------------------------------------------------
[debug] [2024-05-19T07:19:22.974Z] Command:       /usr/local/bin/node /usr/local/bin/firebase functions:shell
[debug] [2024-05-19T07:19:22.974Z] CLI Version:   12.7.0
[debug] [2024-05-19T07:19:22.974Z] Platform:      darwin
[debug] [2024-05-19T07:19:22.974Z] Node Version:  v18.14.0
[debug] [2024-05-19T07:19:22.975Z] Time:          Sun May 19 2024 16:19:22 GMT+0900 (대한민국 표준시)
[debug] [2024-05-19T07:19:22.975Z] ----------------------------------------------------------------------
[debug] 
[debug] [2024-05-19T07:19:23.013Z] > command requires scopes: ["email","openid","https://www.googleapis.com/auth/cloudplatformprojects.readonly","https://www.googleapis.com/auth/firebase","https://www.googleapis.com/auth/cloud-platform"]
[debug] [2024-05-19T07:19:23.014Z] > authorizing via signed-in user (malddong.dev@gmail.com)
[debug] [2024-05-19T07:19:23.014Z] [iam] checking project skoob-d5938 for permissions ["firebase.projects.get"]
[debug] [2024-05-19T07:19:23.014Z] > refreshing access token with scopes: []
[debug] [2024-05-19T07:19:23.015Z] >>> [apiv2][query] POST https://www.googleapis.com/oauth2/v3/token [none]
[debug] [2024-05-19T07:19:23.015Z] >>> [apiv2][body] POST https://www.googleapis.com/oauth2/v3/token [omitted]
[debug] [2024-05-19T07:19:23.266Z] <<< [apiv2][status] POST https://www.googleapis.com/oauth2/v3/token 200
[debug] [2024-05-19T07:19:23.266Z] <<< [apiv2][body] POST https://www.googleapis.com/oauth2/v3/token [omitted]
[debug] [2024-05-19T07:19:23.273Z] >>> [apiv2][query] POST https://cloudresourcemanager.googleapis.com/v1/projects/skoob-d5938:testIamPermissions [none]
[debug] [2024-05-19T07:19:23.273Z] >>> [apiv2][(partial)header] POST https://cloudresourcemanager.googleapis.com/v1/projects/skoob-d5938:testIamPermissions x-goog-quota-user=projects/skoob-d5938
[debug] [2024-05-19T07:19:23.273Z] >>> [apiv2][body] POST https://cloudresourcemanager.googleapis.com/v1/projects/skoob-d5938:testIamPermissions {"permissions":["firebase.projects.get"]}
[debug] [2024-05-19T07:19:24.092Z] <<< [apiv2][status] POST https://cloudresourcemanager.googleapis.com/v1/projects/skoob-d5938:testIamPermissions 200
[debug] [2024-05-19T07:19:24.093Z] <<< [apiv2][body] POST https://cloudresourcemanager.googleapis.com/v1/projects/skoob-d5938:testIamPermissions {"permissions":["firebase.projects.get"]}
[warn] ⚠  functions: Functions Emulator unable to start on port 5000, starting on 5001 instead. {"metadata":{"emulator":{"name":"functions"},"message":"Functions Emulator unable to start on port 5000, starting on 5001 instead."}}
[debug] [2024-05-19T07:19:24.305Z] [functions] Functions Emulator only supports listening on one address (127.0.0.1). Not listening on ::1
[debug] [2024-05-19T07:19:24.305Z] defaultcredentials: writing to file /Users/leo/.config/firebase/malddong_dev_gmail.com_application_default_credentials.json
[debug] [2024-05-19T07:19:24.306Z] DEBUG: Setting GAC to /Users/leo/.config/firebase/malddong_dev_gmail.com_application_default_credentials.json
[debug] [2024-05-19T07:19:24.306Z] >>> [apiv2][query] GET https://firebase.googleapis.com/v1beta1/projects/skoob-d5938/adminSdkConfig [none]
[debug] [2024-05-19T07:19:25.964Z] <<< [apiv2][status] GET https://firebase.googleapis.com/v1beta1/projects/skoob-d5938/adminSdkConfig 200
[debug] [2024-05-19T07:19:25.965Z] <<< [apiv2][body] GET https://firebase.googleapis.com/v1beta1/projects/skoob-d5938/adminSdkConfig {"projectId":"skoob-d5938","databaseURL":"https://skoob-d5938-default-rtdb.asia-southeast1.firebasedatabase.app","storageBucket":"skoob-d5938.appspot.com","locationId":"asia-northeast3"}
[debug] [2024-05-19T07:19:25.989Z] [functions] Watching "/Users/leo/Desktop/fun/programming/skoob_function_api/functions" for Cloud Functions...
[debug] [2024-05-19T07:19:25.998Z] Validating nodejs source
[warn] ⚠  functions: package.json indicates an outdated version of firebase-functions. Please upgrade using npm install --save firebase-functions@latest in your functions directory. 
[warn] ⚠  functions: Please note that there will be breaking changes when you upgrade. 
[debug] [2024-05-19T07:19:26.341Z] > [functions] package.json contents: {
  "name": "functions",
  "description": "Cloud Functions for Firebase",
  "scripts": {
    "serve": "firebase emulators:start --only functions",
    "shell": "firebase functions:shell",
    "start": "npm run shell",
    "deploy": "firebase deploy --only functions",
    "logs": "firebase functions:log"
  },
  "engines": {
    "node": "18"
  },
  "main": "index.js",
  "dependencies": {
    "firebase-admin": "^11.8.0",
    "firebase-functions": "^4.3.1"
  },
  "devDependencies": {
    "firebase-functions-test": "^3.1.0"
  },
  "private": true
}
[debug] [2024-05-19T07:19:26.341Z] Building nodejs source
[debug] [2024-05-19T07:19:26.341Z] Failed to find version of module node: reached end of search path /Users/leo/Desktop/fun/programming/skoob_function_api/functions/node_modules
[info] ✔  functions: Using node@18 from host. 
[debug] [2024-05-19T07:19:26.343Z] Could not find functions.yaml. Must use http discovery
[debug] [2024-05-19T07:19:26.347Z] Found firebase-functions binary at '/Users/leo/Desktop/fun/programming/skoob_function_api/functions/node_modules/.bin/firebase-functions'
[info] Serving at port 8932

[debug] [2024-05-19T07:19:26.506Z] Got response from /__/functions.yaml {"endpoints":{"sendStatusUpdatePushMessage":{"platform":"gcfv1","availableMemoryMb":null,"timeoutSeconds":null,"minInstances":null,"maxInstances":null,"ingressSettings":null,"serviceAccountEmail":null,"vpc":null,"region":["asia-northeast2"],"httpsTrigger":{},"entryPoint":"sendStatusUpdatePushMessage"}},"specVersion":"v1alpha1","requiredAPIs":[]}
[debug] [2024-05-19T07:19:26.514Z] [functions] Loaded functions definitions from source: sendStatusUpdatePushMessage.
[debug] [2024-05-19T07:19:26.514Z] [functions[asia-northeast2-sendStatusUpdatePushMessage]] http function initialized (http://127.0.0.1:5001/skoob-d5938/asia-northeast2/sendStatusUpdatePushMessage).
[info] i  functions: Loaded functions: sendStatusUpdatePushMessage 
[warn] ⚠  functions: The following emulators are not running, calls to these services will affect production: firestore, database, pubsub, storage, eventarc 
[debug] [2024-05-19T07:19:27.530Z] [work-queue] {"queuedWork":["/skoob-d5938/asia-northeast2/sendStatusUpdatePushMessage-2024-05-19T07:19:27.530Z"],"queueLength":1,"runningWork":[],"workRunningCount":0}
[debug] [2024-05-19T07:19:27.531Z] [work-queue] {"queuedWork":[],"queueLength":0,"runningWork":["/skoob-d5938/asia-northeast2/sendStatusUpdatePushMessage-2024-05-19T07:19:27.530Z"],"workRunningCount":1}
[debug] [2024-05-19T07:19:27.531Z] Accepted request POST /skoob-d5938/asia-northeast2/sendStatusUpdatePushMessage --> asia-northeast2-sendStatusUpdatePushMessage
[debug] [2024-05-19T07:19:27.538Z] DEBUG: [functions] Runtime ready! Sending request!
[debug] [2024-05-19T07:19:27.539Z] DEBUG: [functions] Got req.url=/skoob-d5938/asia-northeast2/sendStatusUpdatePushMessage, mapping to path=/
[debug] [2024-05-19T07:19:27.544Z] DEBUG: [worker-pool] addWorker(asia-northeast2-sendStatusUpdatePushMessage)
[debug] [2024-05-19T07:19:27.545Z] DEBUG: [worker-pool] Adding worker with key asia-northeast2-sendStatusUpdatePushMessage, total=1
[debug] [2024-05-19T07:19:27.887Z] DEBUG: [runtime-status] [55481] Resolved module firebase-admin {"declared":true,"installed":true,"version":"11.11.1","resolution":"/Users/leo/Desktop/fun/programming/skoob_function_api/functions/node_modules/firebase-admin/lib/index.js"}
[debug] [2024-05-19T07:19:27.887Z] DEBUG: [runtime-status] [55481] Resolved module firebase-functions {"declared":true,"installed":true,"version":"4.9.0","resolution":"/Users/leo/Desktop/fun/programming/skoob_function_api/functions/node_modules/firebase-functions/lib/v1/index.js"}
[debug] [2024-05-19T07:19:27.887Z] DEBUG: [runtime-status] [55481] Outgoing network have been stubbed. [{"name":"http","status":"mocked"},{"name":"http","status":"mocked"},{"name":"https","status":"mocked"},{"name":"https","status":"mocked"},{"name":"net","status":"mocked"}]
[debug] [2024-05-19T07:19:27.888Z] DEBUG: [runtime-status] [55481] Resolved module firebase-functions {"declared":true,"installed":true,"version":"4.9.0","resolution":"/Users/leo/Desktop/fun/programming/skoob_function_api/functions/node_modules/firebase-functions/lib/v1/index.js"}
[debug] [2024-05-19T07:19:27.953Z] DEBUG: [runtime-status] [55481] Checked functions.config() {"config":{}}
[debug] [2024-05-19T07:19:27.953Z] DEBUG: [runtime-status] [55481] firebase-functions has been stubbed. {"functionsResolution":{"declared":true,"installed":true,"version":"4.9.0","resolution":"/Users/leo/Desktop/fun/programming/skoob_function_api/functions/node_modules/firebase-functions/lib/v1/index.js"}}
[debug] [2024-05-19T07:19:27.953Z] DEBUG: [runtime-status] [55481] Resolved module firebase-functions {"declared":true,"installed":true,"version":"4.9.0","resolution":"/Users/leo/Desktop/fun/programming/skoob_function_api/functions/node_modules/firebase-functions/lib/v1/index.js"}
[debug] [2024-05-19T07:19:27.953Z] DEBUG: [runtime-status] [55481] Resolved module firebase-admin {"declared":true,"installed":true,"version":"11.11.1","resolution":"/Users/leo/Desktop/fun/programming/skoob_function_api/functions/node_modules/firebase-admin/lib/index.js"}
[debug] [2024-05-19T07:19:27.954Z] DEBUG: [runtime-status] [55481] Resolved module firebase-functions {"declared":true,"installed":true,"version":"4.9.0","resolution":"/Users/leo/Desktop/fun/programming/skoob_function_api/functions/node_modules/firebase-functions/lib/v1/index.js"}
[debug] [2024-05-19T07:19:27.954Z] DEBUG: [runtime-status] [55481] firebase-admin has been stubbed. {"adminResolution":{"declared":true,"installed":true,"version":"11.11.1","resolution":"/Users/leo/Desktop/fun/programming/skoob_function_api/functions/node_modules/firebase-admin/lib/index.js"}}
[debug] [2024-05-19T07:19:27.955Z] DEBUG: [runtime-status] [55481] initializeApp(DEFAULT) {"storageBucket":"skoob-d5938.appspot.com","databaseURL":"https://skoob-d5938-default-rtdb.asia-southeast1.firebasedatabase.app","projectId":"skoob-d5938"}
[debug] [2024-05-19T07:19:27.960Z] DEBUG: [runtime-status] [55481] Functions runtime initialized. {"cwd":"/Users/leo/Desktop/fun/programming/skoob_function_api/functions","node_version":"18.14.0"}
[debug] [2024-05-19T07:19:27.961Z] DEBUG: [runtime-status] [55481] Listening to port: /var/folders/vv/0zmlwdkn5h50z70ph4fplq040000gn/T/fire_emu_9675faf1983a8ae7.sock
[debug] [2024-05-19T07:19:28.059Z] DEBUG: [worker-asia-northeast2-sendStatusUpdatePushMessage-b788daa9-aafe-49a0-a135-39e201007a62]: IDLE
[debug] [2024-05-19T07:19:28.059Z] DEBUG: [worker-pool] submitRequest(triggerId=asia-northeast2-sendStatusUpdatePushMessage)
[debug] [2024-05-19T07:19:28.059Z] [functions] Beginning execution of "asia-northeast2-sendStatusUpdatePushMessage"
[debug] [2024-05-19T07:19:28.060Z] DEBUG: [worker-asia-northeast2-sendStatusUpdatePushMessage-b788daa9-aafe-49a0-a135-39e201007a62]: BUSY
[info] >  {"severity":"INFO","message":"projects/skoob-d5938/messages/1716103168605389"} {"user":{"severity":"INFO","message":"projects/skoob-d5938/messages/1716103168605389"},"metadata":{"emulator":{"name":"functions"},"function":{"name":"asia-northeast2-sendStatusUpdatePushMessage"},"extension":{},"message":"\u001b[90m> \u001b[39m {\"severity\":\"INFO\",\"message\":\"projects/skoob-d5938/messages/1716103168605389\"}"}}
[info] >  SENT MESSAGE {"user":"SENT MESSAGE","metadata":{"emulator":{"name":"functions"},"function":{"name":"asia-northeast2-sendStatusUpdatePushMessage"},"extension":{},"message":"\u001b[90m> \u001b[39m SENT MESSAGE"}}
[info] >  SENT MESSAGE {"user":"SENT MESSAGE","metadata":{"emulator":{"name":"functions"},"function":{"name":"asia-northeast2-sendStatusUpdatePushMessage"},"extension":{},"message":"\u001b[90m> \u001b[39m SENT MESSAGE"}}
[info] >  SENT MESSAGE {"user":"SENT MESSAGE","metadata":{"emulator":{"name":"functions"},"function":{"name":"asia-northeast2-sendStatusUpdatePushMessage"},"extension":{},"message":"\u001b[90m> \u001b[39m SENT MESSAGE"}}
[debug] [2024-05-19T07:19:28.943Z] DEBUG: Finishing up request with event=pause
[debug] [2024-05-19T07:19:28.943Z] [functions] Finished "asia-northeast2-sendStatusUpdatePushMessage" in 883.680375ms
[debug] [2024-05-19T07:19:28.943Z] DEBUG: [worker-asia-northeast2-sendStatusUpdatePushMessage-b788daa9-aafe-49a0-a135-39e201007a62]: IDLE
[debug] [2024-05-19T07:19:28.943Z] DEBUG: Finishing up request with event=finish
[debug] [2024-05-19T07:19:28.944Z] DEBUG: Finishing up request with event=close
[debug] [2024-05-19T07:19:28.944Z] [work-queue] {"queuedWork":[],"queueLength":0,"runningWork":[],"workRunningCount":0}
[debug] [2024-05-19T07:34:30.119Z] DEBUG: File /Users/leo/Desktop/fun/programming/skoob_function_api/functions/service/messageService.js changed, reloading triggers
[debug] [2024-05-19T07:34:31.122Z] Validating nodejs source
[warn] ⚠  functions: package.json indicates an outdated version of firebase-functions. Please upgrade using npm install --save firebase-functions@latest in your functions directory. 
[warn] ⚠  functions: Please note that there will be breaking changes when you upgrade. 
[debug] [2024-05-19T07:34:31.564Z] > [functions] package.json contents: {
  "name": "functions",
  "description": "Cloud Functions for Firebase",
  "scripts": {
    "serve": "firebase emulators:start --only functions",
    "shell": "firebase functions:shell",
    "start": "npm run shell",
    "deploy": "firebase deploy --only functions",
    "logs": "firebase functions:log"
  },
  "engines": {
    "node": "18"
  },
  "main": "index.js",
  "dependencies": {
    "firebase-admin": "^11.8.0",
    "firebase-functions": "^4.3.1"
  },
  "devDependencies": {
    "firebase-functions-test": "^3.1.0"
  },
  "private": true
}
[debug] [2024-05-19T07:34:31.564Z] Building nodejs source
[debug] [2024-05-19T07:34:31.564Z] Failed to find version of module node: reached end of search path /Users/leo/Desktop/fun/programming/skoob_function_api/functions/node_modules
[info] ✔  functions: Using node@18 from host. 
[debug] [2024-05-19T07:34:31.564Z] Could not find functions.yaml. Must use http discovery
[debug] [2024-05-19T07:34:31.565Z] Found firebase-functions binary at '/Users/leo/Desktop/fun/programming/skoob_function_api/functions/node_modules/.bin/firebase-functions'
[info] Serving at port 8846

[debug] [2024-05-19T07:34:31.848Z] Got response from /__/functions.yaml {"endpoints":{"sendStatusUpdatePushMessage":{"platform":"gcfv1","availableMemoryMb":null,"timeoutSeconds":null,"minInstances":null,"maxInstances":null,"ingressSettings":null,"serviceAccountEmail":null,"vpc":null,"region":["asia-northeast2"],"httpsTrigger":{},"entryPoint":"sendStatusUpdatePushMessage"}},"specVersion":"v1alpha1","requiredAPIs":[]}
[debug] [2024-05-19T07:34:31.855Z] [functions] Loaded functions definitions from source: sendStatusUpdatePushMessage.
[debug] [2024-05-19T07:34:31.855Z] DEBUG: [worker-pool] Shutting down IDLE worker (asia-northeast2-sendStatusUpdatePushMessage)
[debug] [2024-05-19T07:34:31.855Z] DEBUG: [worker-asia-northeast2-sendStatusUpdatePushMessage-b788daa9-aafe-49a0-a135-39e201007a62]: FINISHING
[debug] [2024-05-19T07:34:31.859Z] DEBUG: [worker-asia-northeast2-sendStatusUpdatePushMessage-b788daa9-aafe-49a0-a135-39e201007a62]: exited
[debug] [2024-05-19T07:34:31.859Z] DEBUG: [worker-asia-northeast2-sendStatusUpdatePushMessage-b788daa9-aafe-49a0-a135-39e201007a62]: FINISHED
[debug] [2024-05-19T08:31:02.867Z] DEBUG: File /Users/leo/Desktop/fun/programming/skoob_function_api/functions/service/messageService.js changed, reloading triggers
[debug] [2024-05-19T08:31:03.873Z] Validating nodejs source
[warn] ⚠  functions: package.json indicates an outdated version of firebase-functions. Please upgrade using npm install --save firebase-functions@latest in your functions directory. 
[warn] ⚠  functions: Please note that there will be breaking changes when you upgrade. 
[debug] [2024-05-19T08:31:04.333Z] > [functions] package.json contents: {
  "name": "functions",
  "description": "Cloud Functions for Firebase",
  "scripts": {
    "serve": "firebase emulators:start --only functions",
    "shell": "firebase functions:shell",
    "start": "npm run shell",
    "deploy": "firebase deploy --only functions",
    "logs": "firebase functions:log"
  },
  "engines": {
    "node": "18"
  },
  "main": "index.js",
  "dependencies": {
    "firebase-admin": "^11.8.0",
    "firebase-functions": "^4.3.1"
  },
  "devDependencies": {
    "firebase-functions-test": "^3.1.0"
  },
  "private": true
}
[debug] [2024-05-19T08:31:04.333Z] Building nodejs source
[debug] [2024-05-19T08:31:04.333Z] Failed to find version of module node: reached end of search path /Users/leo/Desktop/fun/programming/skoob_function_api/functions/node_modules
[info] ✔  functions: Using node@18 from host. 
[debug] [2024-05-19T08:31:04.333Z] DEBUG: File /Users/leo/Desktop/fun/programming/skoob_function_api/functions/service/messageService.js changed, reloading triggers
[debug] [2024-05-19T08:31:04.333Z] Could not find functions.yaml. Must use http discovery
[debug] [2024-05-19T08:31:04.335Z] Found firebase-functions binary at '/Users/leo/Desktop/fun/programming/skoob_function_api/functions/node_modules/.bin/firebase-functions'
[info] Serving at port 8829

[debug] [2024-05-19T08:31:04.617Z] Got response from /__/functions.yaml {"endpoints":{"sendStatusUpdatePushMessage":{"platform":"gcfv1","availableMemoryMb":null,"timeoutSeconds":null,"minInstances":null,"maxInstances":null,"ingressSettings":null,"serviceAccountEmail":null,"vpc":null,"region":["asia-northeast2"],"httpsTrigger":{},"entryPoint":"sendStatusUpdatePushMessage"}},"specVersion":"v1alpha1","requiredAPIs":[]}
[debug] [2024-05-19T08:31:04.625Z] [functions] Loaded functions definitions from source: sendStatusUpdatePushMessage.
[debug] [2024-05-19T08:31:05.338Z] Validating nodejs source
[warn] ⚠  functions: package.json indicates an outdated version of firebase-functions. Please upgrade using npm install --save firebase-functions@latest in your functions directory. 
[warn] ⚠  functions: Please note that there will be breaking changes when you upgrade. 
[debug] [2024-05-19T08:31:05.684Z] > [functions] package.json contents: {
  "name": "functions",
  "description": "Cloud Functions for Firebase",
  "scripts": {
    "serve": "firebase emulators:start --only functions",
    "shell": "firebase functions:shell",
    "start": "npm run shell",
    "deploy": "firebase deploy --only functions",
    "logs": "firebase functions:log"
  },
  "engines": {
    "node": "18"
  },
  "main": "index.js",
  "dependencies": {
    "firebase-admin": "^11.8.0",
    "firebase-functions": "^4.3.1"
  },
  "devDependencies": {
    "firebase-functions-test": "^3.1.0"
  },
  "private": true
}
[debug] [2024-05-19T08:31:05.684Z] Building nodejs source
[debug] [2024-05-19T08:31:05.684Z] Failed to find version of module node: reached end of search path /Users/leo/Desktop/fun/programming/skoob_function_api/functions/node_modules
[info] ✔  functions: Using node@18 from host. 
[debug] [2024-05-19T08:31:05.684Z] Could not find functions.yaml. Must use http discovery
[debug] [2024-05-19T08:31:05.685Z] Found firebase-functions binary at '/Users/leo/Desktop/fun/programming/skoob_function_api/functions/node_modules/.bin/firebase-functions'
[info] Serving at port 8837

[debug] [2024-05-19T08:31:05.846Z] Got response from /__/functions.yaml {"endpoints":{"sendStatusUpdatePushMessage":{"platform":"gcfv1","availableMemoryMb":null,"timeoutSeconds":null,"minInstances":null,"maxInstances":null,"ingressSettings":null,"serviceAccountEmail":null,"vpc":null,"region":["asia-northeast2"],"httpsTrigger":{},"entryPoint":"sendStatusUpdatePushMessage"}},"specVersion":"v1alpha1","requiredAPIs":[]}
[debug] [2024-05-19T08:31:05.851Z] [functions] Loaded functions definitions from source: sendStatusUpdatePushMessage.
