[debug] [2024-06-02T13:14:46.961Z] ----------------------------------------------------------------------
[debug] [2024-06-02T13:14:46.962Z] Command:       /usr/local/bin/node /usr/local/bin/firebase deploy
[debug] [2024-06-02T13:14:46.962Z] CLI Version:   12.7.0
[debug] [2024-06-02T13:14:46.962Z] Platform:      darwin
[debug] [2024-06-02T13:14:46.962Z] Node Version:  v18.14.0
[debug] [2024-06-02T13:14:46.965Z] Time:          Sun Jun 02 2024 22:14:46 GMT+0900 (대한민국 표준시)
[debug] [2024-06-02T13:14:46.965Z] ----------------------------------------------------------------------
[debug] 
[debug] [2024-06-02T13:14:46.999Z] > command requires scopes: ["email","openid","https://www.googleapis.com/auth/cloudplatformprojects.readonly","https://www.googleapis.com/auth/firebase","https://www.googleapis.com/auth/cloud-platform"]
[debug] [2024-06-02T13:14:47.000Z] > authorizing via signed-in user (malddong.dev@gmail.com)
[debug] [2024-06-02T13:14:47.000Z] [iam] checking project skoob-d5938 for permissions ["cloudfunctions.functions.create","cloudfunctions.functions.delete","cloudfunctions.functions.get","cloudfunctions.functions.list","cloudfunctions.functions.update","cloudfunctions.operations.get","datastore.indexes.create","datastore.indexes.delete","datastore.indexes.list","datastore.indexes.update","firebase.projects.get"]
[debug] [2024-06-02T13:14:47.001Z] > refreshing access token with scopes: []
[debug] [2024-06-02T13:14:47.001Z] >>> [apiv2][query] POST https://www.googleapis.com/oauth2/v3/token [none]
[debug] [2024-06-02T13:14:47.002Z] >>> [apiv2][body] POST https://www.googleapis.com/oauth2/v3/token [omitted]
[debug] [2024-06-02T13:14:47.270Z] <<< [apiv2][status] POST https://www.googleapis.com/oauth2/v3/token 200
[debug] [2024-06-02T13:14:47.271Z] <<< [apiv2][body] POST https://www.googleapis.com/oauth2/v3/token [omitted]
[debug] [2024-06-02T13:14:47.280Z] >>> [apiv2][query] POST https://cloudresourcemanager.googleapis.com/v1/projects/skoob-d5938:testIamPermissions [none]
[debug] [2024-06-02T13:14:47.281Z] >>> [apiv2][(partial)header] POST https://cloudresourcemanager.googleapis.com/v1/projects/skoob-d5938:testIamPermissions x-goog-quota-user=projects/skoob-d5938
[debug] [2024-06-02T13:14:47.281Z] >>> [apiv2][body] POST https://cloudresourcemanager.googleapis.com/v1/projects/skoob-d5938:testIamPermissions {"permissions":["cloudfunctions.functions.create","cloudfunctions.functions.delete","cloudfunctions.functions.get","cloudfunctions.functions.list","cloudfunctions.functions.update","cloudfunctions.operations.get","datastore.indexes.create","datastore.indexes.delete","datastore.indexes.list","datastore.indexes.update","firebase.projects.get"]}
[debug] [2024-06-02T13:14:47.597Z] <<< [apiv2][status] POST https://cloudresourcemanager.googleapis.com/v1/projects/skoob-d5938:testIamPermissions 200
[debug] [2024-06-02T13:14:47.597Z] <<< [apiv2][body] POST https://cloudresourcemanager.googleapis.com/v1/projects/skoob-d5938:testIamPermissions {"permissions":["cloudfunctions.functions.create","cloudfunctions.functions.delete","cloudfunctions.functions.get","cloudfunctions.functions.list","cloudfunctions.functions.update","cloudfunctions.operations.get","datastore.indexes.create","datastore.indexes.delete","datastore.indexes.list","datastore.indexes.update","firebase.projects.get"]}
[debug] [2024-06-02T13:14:47.598Z] >>> [apiv2][query] POST https://iam.googleapis.com/v1/projects/skoob-d5938/serviceAccounts/skoob-d5938@appspot.gserviceaccount.com:testIamPermissions [none]
[debug] [2024-06-02T13:14:47.598Z] >>> [apiv2][body] POST https://iam.googleapis.com/v1/projects/skoob-d5938/serviceAccounts/skoob-d5938@appspot.gserviceaccount.com:testIamPermissions {"permissions":["iam.serviceAccounts.actAs"]}
[debug] [2024-06-02T13:14:48.798Z] <<< [apiv2][status] POST https://iam.googleapis.com/v1/projects/skoob-d5938/serviceAccounts/skoob-d5938@appspot.gserviceaccount.com:testIamPermissions 200
[debug] [2024-06-02T13:14:48.799Z] <<< [apiv2][body] POST https://iam.googleapis.com/v1/projects/skoob-d5938/serviceAccounts/skoob-d5938@appspot.gserviceaccount.com:testIamPermissions {"permissions":["iam.serviceAccounts.actAs"]}
[info] 
[info] === Deploying to 'skoob-d5938'...
[info] 
[info] i  deploying firestore, functions 
[info] i  firestore: reading indexes from firestore.indexes.json... 
[info] i  cloud.firestore: checking firestore.rules for compilation errors... 
[debug] [2024-06-02T13:14:48.804Z] >>> [apiv2][query] POST https://firebaserules.googleapis.com/v1/projects/skoob-d5938:test [none]
[debug] [2024-06-02T13:14:48.804Z] >>> [apiv2][body] POST https://firebaserules.googleapis.com/v1/projects/skoob-d5938:test [omitted]
[debug] [2024-06-02T13:14:50.076Z] <<< [apiv2][status] POST https://firebaserules.googleapis.com/v1/projects/skoob-d5938:test 200
[debug] [2024-06-02T13:14:50.077Z] <<< [apiv2][body] POST https://firebaserules.googleapis.com/v1/projects/skoob-d5938:test {}
[info] ✔  cloud.firestore: rules file firestore.rules compiled successfully 
[debug] [2024-06-02T13:14:50.079Z] >>> [apiv2][query] GET https://firebase.googleapis.com/v1beta1/projects/skoob-d5938 [none]
[debug] [2024-06-02T13:14:50.494Z] <<< [apiv2][status] GET https://firebase.googleapis.com/v1beta1/projects/skoob-d5938 200
[debug] [2024-06-02T13:14:50.495Z] <<< [apiv2][body] GET https://firebase.googleapis.com/v1beta1/projects/skoob-d5938 {"projectId":"skoob-d5938","projectNumber":"263080703449","displayName":"skoob","name":"projects/skoob-d5938","resources":{"hostingSite":"skoob-d5938","realtimeDatabaseInstance":"skoob-d5938-default-rtdb","storageBucket":"skoob-d5938.appspot.com","locationId":"asia-northeast3"},"state":"ACTIVE","etag":"1_fffcb163-2dd1-49c9-baff-d3e1f31f6c0a"}
[info] i  functions: preparing codebase default for deployment 
[info] i  functions: ensuring required API cloudfunctions.googleapis.com is enabled... 
[info] i  functions: ensuring required API cloudbuild.googleapis.com is enabled... 
[info] i  artifactregistry: ensuring required API artifactregistry.googleapis.com is enabled... 
[debug] [2024-06-02T13:14:50.497Z] >>> [apiv2][query] GET https://serviceusage.googleapis.com/v1/projects/skoob-d5938/services/cloudfunctions.googleapis.com [none]
[debug] [2024-06-02T13:14:50.497Z] >>> [apiv2][(partial)header] GET https://serviceusage.googleapis.com/v1/projects/skoob-d5938/services/cloudfunctions.googleapis.com x-goog-quota-user=projects/skoob-d5938
[debug] [2024-06-02T13:14:50.499Z] >>> [apiv2][query] GET https://serviceusage.googleapis.com/v1/projects/skoob-d5938/services/runtimeconfig.googleapis.com [none]
[debug] [2024-06-02T13:14:50.499Z] >>> [apiv2][(partial)header] GET https://serviceusage.googleapis.com/v1/projects/skoob-d5938/services/runtimeconfig.googleapis.com x-goog-quota-user=projects/skoob-d5938
[debug] [2024-06-02T13:14:50.500Z] >>> [apiv2][query] GET https://serviceusage.googleapis.com/v1/projects/skoob-d5938/services/cloudbuild.googleapis.com [none]
[debug] [2024-06-02T13:14:50.500Z] >>> [apiv2][(partial)header] GET https://serviceusage.googleapis.com/v1/projects/skoob-d5938/services/cloudbuild.googleapis.com x-goog-quota-user=projects/skoob-d5938
[debug] [2024-06-02T13:14:50.501Z] >>> [apiv2][query] GET https://serviceusage.googleapis.com/v1/projects/skoob-d5938/services/artifactregistry.googleapis.com [none]
[debug] [2024-06-02T13:14:50.501Z] >>> [apiv2][(partial)header] GET https://serviceusage.googleapis.com/v1/projects/skoob-d5938/services/artifactregistry.googleapis.com x-goog-quota-user=projects/skoob-d5938
[debug] [2024-06-02T13:14:51.019Z] <<< [apiv2][status] GET https://serviceusage.googleapis.com/v1/projects/skoob-d5938/services/runtimeconfig.googleapis.com 200
[debug] [2024-06-02T13:14:51.019Z] <<< [apiv2][body] GET https://serviceusage.googleapis.com/v1/projects/skoob-d5938/services/runtimeconfig.googleapis.com [omitted]
[debug] [2024-06-02T13:14:51.122Z] <<< [apiv2][status] GET https://serviceusage.googleapis.com/v1/projects/skoob-d5938/services/cloudfunctions.googleapis.com 200
[debug] [2024-06-02T13:14:51.122Z] <<< [apiv2][body] GET https://serviceusage.googleapis.com/v1/projects/skoob-d5938/services/cloudfunctions.googleapis.com [omitted]
[info] ✔  functions: required API cloudfunctions.googleapis.com is enabled 
[debug] [2024-06-02T13:14:51.133Z] <<< [apiv2][status] GET https://serviceusage.googleapis.com/v1/projects/skoob-d5938/services/artifactregistry.googleapis.com 200
[debug] [2024-06-02T13:14:51.133Z] <<< [apiv2][body] GET https://serviceusage.googleapis.com/v1/projects/skoob-d5938/services/artifactregistry.googleapis.com [omitted]
[warn] ⚠  artifactregistry: missing required API artifactregistry.googleapis.com. Enabling now... 
[debug] [2024-06-02T13:14:51.134Z] >>> [apiv2][query] POST https://serviceusage.googleapis.com/v1/projects/skoob-d5938/services/artifactregistry.googleapis.com:enable [none]
[debug] [2024-06-02T13:14:51.134Z] >>> [apiv2][(partial)header] POST https://serviceusage.googleapis.com/v1/projects/skoob-d5938/services/artifactregistry.googleapis.com:enable x-goog-quota-user=projects/skoob-d5938
[debug] [2024-06-02T13:14:51.816Z] <<< [apiv2][status] GET https://serviceusage.googleapis.com/v1/projects/skoob-d5938/services/cloudbuild.googleapis.com 200
[debug] [2024-06-02T13:14:51.816Z] <<< [apiv2][body] GET https://serviceusage.googleapis.com/v1/projects/skoob-d5938/services/cloudbuild.googleapis.com [omitted]
[warn] ⚠  functions: missing required API cloudbuild.googleapis.com. Enabling now... 
[debug] [2024-06-02T13:14:51.816Z] >>> [apiv2][query] POST https://serviceusage.googleapis.com/v1/projects/skoob-d5938/services/cloudbuild.googleapis.com:enable [none]
[debug] [2024-06-02T13:14:51.816Z] >>> [apiv2][(partial)header] POST https://serviceusage.googleapis.com/v1/projects/skoob-d5938/services/cloudbuild.googleapis.com:enable x-goog-quota-user=projects/skoob-d5938
[debug] [2024-06-02T13:14:52.534Z] <<< [apiv2][status] POST https://serviceusage.googleapis.com/v1/projects/skoob-d5938/services/artifactregistry.googleapis.com:enable 200
[debug] [2024-06-02T13:14:52.534Z] <<< [apiv2][body] POST https://serviceusage.googleapis.com/v1/projects/skoob-d5938/services/artifactregistry.googleapis.com:enable [omitted]
[debug] [2024-06-02T13:14:53.351Z] <<< [apiv2][status] POST https://serviceusage.googleapis.com/v1/projects/skoob-d5938/services/cloudbuild.googleapis.com:enable 200
[debug] [2024-06-02T13:14:53.351Z] <<< [apiv2][body] POST https://serviceusage.googleapis.com/v1/projects/skoob-d5938/services/cloudbuild.googleapis.com:enable [omitted]
[debug] [2024-06-02T13:15:02.545Z] >>> [apiv2][query] GET https://serviceusage.googleapis.com/v1/projects/skoob-d5938/services/artifactregistry.googleapis.com [none]
[debug] [2024-06-02T13:15:02.546Z] >>> [apiv2][(partial)header] GET https://serviceusage.googleapis.com/v1/projects/skoob-d5938/services/artifactregistry.googleapis.com x-goog-quota-user=projects/skoob-d5938
[debug] [2024-06-02T13:15:03.353Z] >>> [apiv2][query] GET https://serviceusage.googleapis.com/v1/projects/skoob-d5938/services/cloudbuild.googleapis.com [none]
[debug] [2024-06-02T13:15:03.353Z] >>> [apiv2][(partial)header] GET https://serviceusage.googleapis.com/v1/projects/skoob-d5938/services/cloudbuild.googleapis.com x-goog-quota-user=projects/skoob-d5938
[debug] [2024-06-02T13:15:03.795Z] <<< [apiv2][status] GET https://serviceusage.googleapis.com/v1/projects/skoob-d5938/services/artifactregistry.googleapis.com 200
[debug] [2024-06-02T13:15:03.795Z] <<< [apiv2][body] GET https://serviceusage.googleapis.com/v1/projects/skoob-d5938/services/artifactregistry.googleapis.com [omitted]
[info] ✔  artifactregistry: required API artifactregistry.googleapis.com is enabled 
[debug] [2024-06-02T13:15:04.720Z] <<< [apiv2][status] GET https://serviceusage.googleapis.com/v1/projects/skoob-d5938/services/cloudbuild.googleapis.com 200
[debug] [2024-06-02T13:15:04.720Z] <<< [apiv2][body] GET https://serviceusage.googleapis.com/v1/projects/skoob-d5938/services/cloudbuild.googleapis.com [omitted]
[info] ✔  functions: required API cloudbuild.googleapis.com is enabled 
[debug] [2024-06-02T13:15:04.723Z] >>> [apiv2][query] GET https://firebase.googleapis.com/v1beta1/projects/skoob-d5938/adminSdkConfig [none]
[debug] [2024-06-02T13:15:06.264Z] <<< [apiv2][status] GET https://firebase.googleapis.com/v1beta1/projects/skoob-d5938/adminSdkConfig 200
[debug] [2024-06-02T13:15:06.265Z] <<< [apiv2][body] GET https://firebase.googleapis.com/v1beta1/projects/skoob-d5938/adminSdkConfig {"projectId":"skoob-d5938","databaseURL":"https://skoob-d5938-default-rtdb.asia-southeast1.firebasedatabase.app","storageBucket":"skoob-d5938.appspot.com","locationId":"asia-northeast3"}
[debug] [2024-06-02T13:15:06.266Z] >>> [apiv2][query] GET https://runtimeconfig.googleapis.com/v1beta1/projects/skoob-d5938/configs [none]
[debug] [2024-06-02T13:15:06.763Z] <<< [apiv2][status] GET https://runtimeconfig.googleapis.com/v1beta1/projects/skoob-d5938/configs 200
[debug] [2024-06-02T13:15:06.763Z] <<< [apiv2][body] GET https://runtimeconfig.googleapis.com/v1beta1/projects/skoob-d5938/configs {}
[debug] [2024-06-02T13:15:06.765Z] Validating nodejs source
[warn] ⚠  functions: package.json indicates an outdated version of firebase-functions. Please upgrade using npm install --save firebase-functions@latest in your functions directory. 
[warn] ⚠  functions: Please note that there will be breaking changes when you upgrade. 
[debug] [2024-06-02T13:15:07.324Z] > [functions] package.json contents: {
  "name": "functions",
  "description": "Cloud Functions for Firebase",
  "scripts": {
    "serve": "firebase emulators:start --only functions",
    "shell": "firebase functions:shell",
    "start": "npm run shell",
    "deploy": "firebase deploy --only functions",
    "logs": "firebase functions:log"
  },
  "engines": {
    "node": "18"
  },
  "main": "index.js",
  "dependencies": {
    "firebase-admin": "^11.8.0",
    "firebase-functions": "^4.3.1"
  },
  "devDependencies": {
    "firebase-functions-test": "^3.1.0"
  },
  "private": true
}
[debug] [2024-06-02T13:15:07.324Z] Building nodejs source
[info] i  functions: Loading and analyzing source code for codebase default to determine what to deploy 
[debug] [2024-06-02T13:15:07.325Z] Could not find functions.yaml. Must use http discovery
[debug] [2024-06-02T13:15:07.333Z] Found firebase-functions binary at '/Users/leo/Desktop/fun/programming/skoob_function_api/functions/node_modules/.bin/firebase-functions'
[info] Serving at port 8004

[debug] [2024-06-02T13:15:07.632Z] Got response from /__/functions.yaml {"endpoints":{"sendStatusUpdatePushMessage":{"platform":"gcfv1","availableMemoryMb":null,"timeoutSeconds":null,"minInstances":null,"maxInstances":null,"ingressSettings":null,"serviceAccountEmail":null,"vpc":null,"region":["asia-northeast2"],"httpsTrigger":{},"entryPoint":"sendStatusUpdatePushMessage"}},"specVersion":"v1alpha1","requiredAPIs":[]}
[info] i  functions: preparing functions directory for uploading... 
[info] i  functions: packaged /Users/leo/Desktop/fun/programming/skoob_function_api/functions (70.55 KB) for uploading 
[debug] [2024-06-02T13:15:07.667Z] >>> [apiv2][query] GET https://cloudfunctions.googleapis.com/v1/projects/skoob-d5938/locations/-/functions [none]
[debug] [2024-06-02T13:15:09.224Z] <<< [apiv2][status] GET https://cloudfunctions.googleapis.com/v1/projects/skoob-d5938/locations/-/functions 200
[debug] [2024-06-02T13:15:09.224Z] <<< [apiv2][body] GET https://cloudfunctions.googleapis.com/v1/projects/skoob-d5938/locations/-/functions {}
[debug] [2024-06-02T13:15:09.225Z] >>> [apiv2][query] GET https://cloudfunctions.googleapis.com/v2/projects/skoob-d5938/locations/-/functions filter=environment%3D%22GEN_2%22
[debug] [2024-06-02T13:15:10.847Z] <<< [apiv2][status] GET https://cloudfunctions.googleapis.com/v2/projects/skoob-d5938/locations/-/functions 200
[debug] [2024-06-02T13:15:10.847Z] <<< [apiv2][body] GET https://cloudfunctions.googleapis.com/v2/projects/skoob-d5938/locations/-/functions {}
[debug] [2024-06-02T13:15:10.849Z] >>> [apiv2][query] GET https://firebase.googleapis.com/v1beta1/projects/skoob-d5938 [none]
[debug] [2024-06-02T13:15:11.266Z] <<< [apiv2][status] GET https://firebase.googleapis.com/v1beta1/projects/skoob-d5938 200
[debug] [2024-06-02T13:15:11.266Z] <<< [apiv2][body] GET https://firebase.googleapis.com/v1beta1/projects/skoob-d5938 {"projectId":"skoob-d5938","projectNumber":"263080703449","displayName":"skoob","name":"projects/skoob-d5938","resources":{"hostingSite":"skoob-d5938","realtimeDatabaseInstance":"skoob-d5938-default-rtdb","storageBucket":"skoob-d5938.appspot.com","locationId":"asia-northeast3"},"state":"ACTIVE","etag":"1_fffcb163-2dd1-49c9-baff-d3e1f31f6c0a"}
[info] i  firestore: deploying indexes... 
[debug] [2024-06-02T13:15:11.268Z] >>> [apiv2][query] GET https://firebaserules.googleapis.com/v1/projects/skoob-d5938/releases pageSize=10&pageToken=
[debug] [2024-06-02T13:15:11.269Z] >>> [apiv2][query] GET https://firestore.googleapis.com/v1/projects/skoob-d5938/databases/(default)/collectionGroups/-/indexes [none]
[debug] [2024-06-02T13:15:11.411Z] <<< [apiv2][status] GET https://firestore.googleapis.com/v1/projects/skoob-d5938/databases/(default)/collectionGroups/-/indexes 200
[debug] [2024-06-02T13:15:11.411Z] <<< [apiv2][body] GET https://firestore.googleapis.com/v1/projects/skoob-d5938/databases/(default)/collectionGroups/-/indexes {}
[debug] [2024-06-02T13:15:11.411Z] >>> [apiv2][query] GET https://firestore.googleapis.com/v1/projects/skoob-d5938/databases/(default)/collectionGroups/-/fields?filter=indexConfig.usesAncestorConfig=false OR ttlConfig:* [none]
[debug] [2024-06-02T13:15:11.502Z] <<< [apiv2][status] GET https://firestore.googleapis.com/v1/projects/skoob-d5938/databases/(default)/collectionGroups/-/fields?filter=indexConfig.usesAncestorConfig=false OR ttlConfig:* 200
[debug] [2024-06-02T13:15:11.502Z] <<< [apiv2][body] GET https://firestore.googleapis.com/v1/projects/skoob-d5938/databases/(default)/collectionGroups/-/fields?filter=indexConfig.usesAncestorConfig=false OR ttlConfig:* {"fields":[{"name":"projects/skoob-d5938/databases/(default)/collectionGroups/__default__/fields/*","indexConfig":{"indexes":[{"queryScope":"COLLECTION","fields":[{"fieldPath":"*","order":"ASCENDING"}],"state":"READY"},{"queryScope":"COLLECTION","fields":[{"fieldPath":"*","order":"DESCENDING"}],"state":"READY"},{"queryScope":"COLLECTION","fields":[{"fieldPath":"*","arrayConfig":"CONTAINS"}],"state":"READY"}]}}]}
[info] ✔  firestore: deployed indexes in firestore.indexes.json successfully for (default) database 
[debug] [2024-06-02T13:15:12.496Z] <<< [apiv2][status] GET https://firebaserules.googleapis.com/v1/projects/skoob-d5938/releases 200
[debug] [2024-06-02T13:15:12.496Z] <<< [apiv2][body] GET https://firebaserules.googleapis.com/v1/projects/skoob-d5938/releases {"releases":[{"name":"projects/skoob-d5938/releases/cloud.firestore","rulesetName":"projects/skoob-d5938/rulesets/217a68b8-f9d7-4811-99cb-a8de5cb4cf10","createTime":"2024-04-19T06:29:58.413788Z","updateTime":"2024-05-23T05:17:45.982617Z"},{"name":"projects/skoob-d5938/releases/firebase.storage/skoob-d5938.appspot.com","rulesetName":"projects/skoob-d5938/rulesets/4cbca17d-2d72-4c98-a449-5c8a7a2b5e82","createTime":"2024-04-09T08:16:39.765290Z","updateTime":"2024-04-09T08:16:39.765290Z"}]}
[debug] [2024-06-02T13:15:12.511Z] >>> [apiv2][query] GET https://firebaserules.googleapis.com/v1/projects/skoob-d5938/rulesets/217a68b8-f9d7-4811-99cb-a8de5cb4cf10 [none]
[debug] [2024-06-02T13:15:13.881Z] <<< [apiv2][status] GET https://firebaserules.googleapis.com/v1/projects/skoob-d5938/rulesets/217a68b8-f9d7-4811-99cb-a8de5cb4cf10 200
[debug] [2024-06-02T13:15:13.881Z] <<< [apiv2][body] GET https://firebaserules.googleapis.com/v1/projects/skoob-d5938/rulesets/217a68b8-f9d7-4811-99cb-a8de5cb4cf10 [omitted]
[info] i  firestore: uploading rules firestore.rules... 
[debug] [2024-06-02T13:15:13.883Z] >>> [apiv2][query] POST https://firebaserules.googleapis.com/v1/projects/skoob-d5938/rulesets [none]
[debug] [2024-06-02T13:15:13.883Z] >>> [apiv2][body] POST https://firebaserules.googleapis.com/v1/projects/skoob-d5938/rulesets [omitted]
[debug] [2024-06-02T13:15:15.252Z] <<< [apiv2][status] POST https://firebaserules.googleapis.com/v1/projects/skoob-d5938/rulesets 200
[debug] [2024-06-02T13:15:15.252Z] <<< [apiv2][body] POST https://firebaserules.googleapis.com/v1/projects/skoob-d5938/rulesets {"name":"projects/skoob-d5938/rulesets/d7b0c75e-d626-4a75-ac02-67d467a49f3f","source":{"files":[{"content":"rules_version = '2';\nservice cloud.firestore {\n  match /databases/{database}/documents {\n    match /{document=**} {\n      allow read, write: if request.auth != null;\n    }\n    match /users/{userId} {\n      allow read, write: if request.auth != null && request.auth.uid == userId;\n    }\n  }\n}\n","name":"firestore.rules"}]},"createTime":"2024-06-02T13:15:15.172399Z","metadata":{"services":["cloud.firestore"]}}
[debug] [2024-06-02T13:15:15.252Z] [rules] created ruleset projects/skoob-d5938/rulesets/d7b0c75e-d626-4a75-ac02-67d467a49f3f
[debug] [2024-06-02T13:15:15.253Z] [functions] found 1 new HTTP functions, testing setIamPolicy permission...
[debug] [2024-06-02T13:15:15.253Z] >>> [apiv2][query] POST https://cloudresourcemanager.googleapis.com/v1/projects/skoob-d5938:testIamPermissions [none]
[debug] [2024-06-02T13:15:15.253Z] >>> [apiv2][(partial)header] POST https://cloudresourcemanager.googleapis.com/v1/projects/skoob-d5938:testIamPermissions x-goog-quota-user=projects/skoob-d5938
[debug] [2024-06-02T13:15:15.253Z] >>> [apiv2][body] POST https://cloudresourcemanager.googleapis.com/v1/projects/skoob-d5938:testIamPermissions {"permissions":["cloudfunctions.functions.setIamPolicy"]}
[debug] [2024-06-02T13:15:15.533Z] <<< [apiv2][status] POST https://cloudresourcemanager.googleapis.com/v1/projects/skoob-d5938:testIamPermissions 200
[debug] [2024-06-02T13:15:15.534Z] <<< [apiv2][body] POST https://cloudresourcemanager.googleapis.com/v1/projects/skoob-d5938:testIamPermissions {"permissions":["cloudfunctions.functions.setIamPolicy"]}
[debug] [2024-06-02T13:15:15.534Z] [functions] found setIamPolicy permission, proceeding with deploy
[debug] [2024-06-02T13:15:15.535Z] >>> [apiv2][query] POST https://cloudfunctions.googleapis.com/v1/projects/skoob-d5938/locations/asia-northeast2/functions:generateUploadUrl [none]
[debug] [2024-06-02T13:15:15.535Z] >>> [apiv2][body] POST https://cloudfunctions.googleapis.com/v1/projects/skoob-d5938/locations/asia-northeast2/functions:generateUploadUrl {}
[debug] [2024-06-02T13:15:38.503Z] <<< [apiv2][status] POST https://cloudfunctions.googleapis.com/v1/projects/skoob-d5938/locations/asia-northeast2/functions:generateUploadUrl 200
[debug] [2024-06-02T13:15:38.503Z] <<< [apiv2][body] POST https://cloudfunctions.googleapis.com/v1/projects/skoob-d5938/locations/asia-northeast2/functions:generateUploadUrl {"uploadUrl":"https://storage.googleapis.com/uploads-438064279022.asia-northeast2.cloudfunctions.appspot.com/fad67a39-5fd9-49c4-bb39-d1c853312fd2.zip?GoogleAccessId=service-263080703449@gcf-admin-robot.iam.gserviceaccount.com&Expires=1717335938&Signature=fDUAGWWPD85BzVKnVykqaD4QpzcKYMZaSwkMX7%2F61VPAiEIWtIWpDsBIpZvHKpAylHu8Cyb9jZTpEkKTlzTCd6YqbVV1FY84t9hj2w7SB6fXoxirVMsFbaa1kLaR3hHyY8mJPkM3cmqyMStPaXRbCvCPyUZgAZ4E7KFL163aktzFDthC%2FTUIEonNArWBqLY6cT1AY7BMG4DO%2BVbloq3%2Blr8aManI%2Fq1Ffhi%2FE8sqAunezefdWDAC4HD4uf2c2pQsjD1W6uNKSPXh9OJn%2BbcV%2BllMoV9OnhVbNHJJOPXJsHZxp7GkqcjVr%2FL0IghCHZ9L5Gsk6gwtVI8nNc8K3XKwFg%3D%3D"}
[debug] [2024-06-02T13:15:38.504Z] >>> [apiv2][query] PUT https://storage.googleapis.com/uploads-438064279022.asia-northeast2.cloudfunctions.appspot.com/fad67a39-5fd9-49c4-bb39-d1c853312fd2.zip GoogleAccessId=service-263080703449%40gcf-admin-robot.iam.gserviceaccount.com&Expires=1717335938&Signature=fDUAGWWPD85BzVKnVykqaD4QpzcKYMZaSwkMX7%2F61VPAiEIWtIWpDsBIpZvHKpAylHu8Cyb9jZTpEkKTlzTCd6YqbVV1FY84t9hj2w7SB6fXoxirVMsFbaa1kLaR3hHyY8mJPkM3cmqyMStPaXRbCvCPyUZgAZ4E7KFL163aktzFDthC%2FTUIEonNArWBqLY6cT1AY7BMG4DO%2BVbloq3%2Blr8aManI%2Fq1Ffhi%2FE8sqAunezefdWDAC4HD4uf2c2pQsjD1W6uNKSPXh9OJn%2BbcV%2BllMoV9OnhVbNHJJOPXJsHZxp7GkqcjVr%2FL0IghCHZ9L5Gsk6gwtVI8nNc8K3XKwFg%3D%3D
[debug] [2024-06-02T13:15:38.504Z] >>> [apiv2][body] PUT https://storage.googleapis.com/uploads-438064279022.asia-northeast2.cloudfunctions.appspot.com/fad67a39-5fd9-49c4-bb39-d1c853312fd2.zip [stream]
[debug] [2024-06-02T13:15:38.917Z] <<< [apiv2][status] PUT https://storage.googleapis.com/uploads-438064279022.asia-northeast2.cloudfunctions.appspot.com/fad67a39-5fd9-49c4-bb39-d1c853312fd2.zip 200
[debug] [2024-06-02T13:15:38.918Z] <<< [apiv2][body] PUT https://storage.googleapis.com/uploads-438064279022.asia-northeast2.cloudfunctions.appspot.com/fad67a39-5fd9-49c4-bb39-d1c853312fd2.zip [omitted]
[info] ✔  functions: functions folder uploaded successfully 
[debug] [2024-06-02T13:15:38.919Z] [rules] releasing cloud.firestore/(default) with ruleset projects/skoob-d5938/rulesets/d7b0c75e-d626-4a75-ac02-67d467a49f3f
[debug] [2024-06-02T13:15:38.920Z] >>> [apiv2][query] PATCH https://firebaserules.googleapis.com/v1/projects/skoob-d5938/releases/cloud.firestore/(default) [none]
[debug] [2024-06-02T13:15:38.920Z] >>> [apiv2][body] PATCH https://firebaserules.googleapis.com/v1/projects/skoob-d5938/releases/cloud.firestore/(default) {"release":{"name":"projects/skoob-d5938/releases/cloud.firestore/(default)","rulesetName":"projects/skoob-d5938/rulesets/d7b0c75e-d626-4a75-ac02-67d467a49f3f"}}
[debug] [2024-06-02T13:15:40.315Z] <<< [apiv2][status] PATCH https://firebaserules.googleapis.com/v1/projects/skoob-d5938/releases/cloud.firestore/(default) 200
[debug] [2024-06-02T13:15:40.315Z] <<< [apiv2][body] PATCH https://firebaserules.googleapis.com/v1/projects/skoob-d5938/releases/cloud.firestore/(default) {"name":"projects/skoob-d5938/releases/cloud.firestore","rulesetName":"projects/skoob-d5938/rulesets/d7b0c75e-d626-4a75-ac02-67d467a49f3f","createTime":"2024-04-19T06:29:58.413788Z","updateTime":"2024-06-02T13:15:40.229965Z"}
[debug] [2024-06-02T13:15:40.315Z] [rules] updated release projects/skoob-d5938/releases/cloud.firestore
[info] ✔  firestore: released rules firestore.rules to cloud.firestore 
[info] i  functions: creating Node.js 18 (1st Gen) function sendStatusUpdatePushMessage(asia-northeast2)... 
[debug] [2024-06-02T13:15:40.319Z] >>> [apiv2][query] POST https://cloudfunctions.googleapis.com/v1/projects/skoob-d5938/locations/asia-northeast2/functions [none]
[debug] [2024-06-02T13:15:40.319Z] >>> [apiv2][body] POST https://cloudfunctions.googleapis.com/v1/projects/skoob-d5938/locations/asia-northeast2/functions {"name":"projects/skoob-d5938/locations/asia-northeast2/functions/sendStatusUpdatePushMessage","sourceUploadUrl":"https://storage.googleapis.com/uploads-438064279022.asia-northeast2.cloudfunctions.appspot.com/fad67a39-5fd9-49c4-bb39-d1c853312fd2.zip?GoogleAccessId=service-263080703449@gcf-admin-robot.iam.gserviceaccount.com&Expires=1717335938&Signature=fDUAGWWPD85BzVKnVykqaD4QpzcKYMZaSwkMX7%2F61VPAiEIWtIWpDsBIpZvHKpAylHu8Cyb9jZTpEkKTlzTCd6YqbVV1FY84t9hj2w7SB6fXoxirVMsFbaa1kLaR3hHyY8mJPkM3cmqyMStPaXRbCvCPyUZgAZ4E7KFL163aktzFDthC%2FTUIEonNArWBqLY6cT1AY7BMG4DO%2BVbloq3%2Blr8aManI%2Fq1Ffhi%2FE8sqAunezefdWDAC4HD4uf2c2pQsjD1W6uNKSPXh9OJn%2BbcV%2BllMoV9OnhVbNHJJOPXJsHZxp7GkqcjVr%2FL0IghCHZ9L5Gsk6gwtVI8nNc8K3XKwFg%3D%3D","entryPoint":"sendStatusUpdatePushMessage","runtime":"nodejs18","dockerRegistry":"ARTIFACT_REGISTRY","labels":{"deployment-tool":"cli-firebase","firebase-functions-hash":"e4dd17a17b6ba5c6c6bb225feb3e286867d346c2"},"httpsTrigger":{"securityLevel":"SECURE_ALWAYS"},"minInstances":null,"maxInstances":null,"ingressSettings":null,"environmentVariables":{"FIREBASE_CONFIG":"{\"projectId\":\"skoob-d5938\",\"databaseURL\":\"https://skoob-d5938-default-rtdb.asia-southeast1.firebasedatabase.app\",\"storageBucket\":\"skoob-d5938.appspot.com\",\"locationId\":\"asia-northeast3\"}","GCLOUD_PROJECT":"skoob-d5938","EVENTARC_CLOUD_EVENT_SOURCE":"projects/skoob-d5938/locations/asia-northeast2/functions/sendStatusUpdatePushMessage"},"serviceAccountEmail":null,"availableMemoryMb":null,"timeout":null,"vpcConnector":null,"vpcConnectorEgressSettings":null,"buildEnvironmentVariables":{"GOOGLE_NODE_RUN_SCRIPTS":""}}
[debug] [2024-06-02T13:15:41.376Z] <<< [apiv2][status] POST https://cloudfunctions.googleapis.com/v1/projects/skoob-d5938/locations/asia-northeast2/functions 200
[debug] [2024-06-02T13:15:41.376Z] <<< [apiv2][body] POST https://cloudfunctions.googleapis.com/v1/projects/skoob-d5938/locations/asia-northeast2/functions {"name":"operations/c2tvb2ItZDU5MzgvYXNpYS1ub3J0aGVhc3QyL3NlbmRTdGF0dXNVcGRhdGVQdXNoTWVzc2FnZS9LRUhSZjdnR3RXTQ","metadata":{"@type":"type.googleapis.com/google.cloud.functions.v1.OperationMetadataV1","target":"projects/skoob-d5938/locations/asia-northeast2/functions/sendStatusUpdatePushMessage","type":"CREATE_FUNCTION","request":{"@type":"type.googleapis.com/google.cloud.functions.v1.CloudFunction","name":"projects/skoob-d5938/locations/asia-northeast2/functions/sendStatusUpdatePushMessage","httpsTrigger":{"securityLevel":"SECURE_ALWAYS"},"entryPoint":"sendStatusUpdatePushMessage","labels":{"deployment-tool":"cli-firebase","firebase-functions-hash":"e4dd17a17b6ba5c6c6bb225feb3e286867d346c2"},"sourceUploadUrl":"https://storage.googleapis.com/uploads-438064279022.asia-northeast2.cloudfunctions.appspot.com/fad67a39-5fd9-49c4-bb39-d1c853312fd2.zip?GoogleAccessId=service-263080703449@gcf-admin-robot.iam.gserviceaccount.com&Expires=1717335938&Signature=fDUAGWWPD85BzVKnVykqaD4QpzcKYMZaSwkMX7%2F61VPAiEIWtIWpDsBIpZvHKpAylHu8Cyb9jZTpEkKTlzTCd6YqbVV1FY84t9hj2w7SB6fXoxirVMsFbaa1kLaR3hHyY8mJPkM3cmqyMStPaXRbCvCPyUZgAZ4E7KFL163aktzFDthC%2FTUIEonNArWBqLY6cT1AY7BMG4DO%2BVbloq3%2Blr8aManI%2Fq1Ffhi%2FE8sqAunezefdWDAC4HD4uf2c2pQsjD1W6uNKSPXh9OJn%2BbcV%2BllMoV9OnhVbNHJJOPXJsHZxp7GkqcjVr%2FL0IghCHZ9L5Gsk6gwtVI8nNc8K3XKwFg%3D%3D","environmentVariables":{"FIREBASE_CONFIG":"{\"projectId\":\"skoob-d5938\",\"databaseURL\":\"https://skoob-d5938-default-rtdb.asia-southeast1.firebasedatabase.app\",\"storageBucket\":\"skoob-d5938.appspot.com\",\"locationId\":\"asia-northeast3\"}","GCLOUD_PROJECT":"skoob-d5938","EVENTARC_CLOUD_EVENT_SOURCE":"projects/skoob-d5938/locations/asia-northeast2/functions/sendStatusUpdatePushMessage"},"runtime":"nodejs18","buildEnvironmentVariables":{"GOOGLE_NODE_RUN_SCRIPTS":""},"dockerRegistry":"ARTIFACT_REGISTRY"},"versionId":"1","updateTime":"2024-06-02T13:15:41Z"}}
[debug] [2024-06-02T13:15:41.377Z] >>> [apiv2][query] GET https://cloudfunctions.googleapis.com/v1/operations/c2tvb2ItZDU5MzgvYXNpYS1ub3J0aGVhc3QyL3NlbmRTdGF0dXNVcGRhdGVQdXNoTWVzc2FnZS9LRUhSZjdnR3RXTQ [none]
[debug] [2024-06-02T13:15:41.797Z] <<< [apiv2][status] GET https://cloudfunctions.googleapis.com/v1/operations/c2tvb2ItZDU5MzgvYXNpYS1ub3J0aGVhc3QyL3NlbmRTdGF0dXNVcGRhdGVQdXNoTWVzc2FnZS9LRUhSZjdnR3RXTQ 200
[debug] [2024-06-02T13:15:41.797Z] <<< [apiv2][body] GET https://cloudfunctions.googleapis.com/v1/operations/c2tvb2ItZDU5MzgvYXNpYS1ub3J0aGVhc3QyL3NlbmRTdGF0dXNVcGRhdGVQdXNoTWVzc2FnZS9LRUhSZjdnR3RXTQ {"name":"operations/c2tvb2ItZDU5MzgvYXNpYS1ub3J0aGVhc3QyL3NlbmRTdGF0dXNVcGRhdGVQdXNoTWVzc2FnZS9LRUhSZjdnR3RXTQ","metadata":{"@type":"type.googleapis.com/google.cloud.functions.v1.OperationMetadataV1","target":"projects/skoob-d5938/locations/asia-northeast2/functions/sendStatusUpdatePushMessage","type":"CREATE_FUNCTION","request":{"@type":"type.googleapis.com/google.cloud.functions.v1.CloudFunction","name":"projects/skoob-d5938/locations/asia-northeast2/functions/sendStatusUpdatePushMessage","httpsTrigger":{"securityLevel":"SECURE_ALWAYS"},"entryPoint":"sendStatusUpdatePushMessage","labels":{"deployment-tool":"cli-firebase","firebase-functions-hash":"e4dd17a17b6ba5c6c6bb225feb3e286867d346c2"},"sourceUploadUrl":"https://storage.googleapis.com/uploads-438064279022.asia-northeast2.cloudfunctions.appspot.com/fad67a39-5fd9-49c4-bb39-d1c853312fd2.zip?GoogleAccessId=service-263080703449@gcf-admin-robot.iam.gserviceaccount.com&Expires=1717335938&Signature=fDUAGWWPD85BzVKnVykqaD4QpzcKYMZaSwkMX7%2F61VPAiEIWtIWpDsBIpZvHKpAylHu8Cyb9jZTpEkKTlzTCd6YqbVV1FY84t9hj2w7SB6fXoxirVMsFbaa1kLaR3hHyY8mJPkM3cmqyMStPaXRbCvCPyUZgAZ4E7KFL163aktzFDthC%2FTUIEonNArWBqLY6cT1AY7BMG4DO%2BVbloq3%2Blr8aManI%2Fq1Ffhi%2FE8sqAunezefdWDAC4HD4uf2c2pQsjD1W6uNKSPXh9OJn%2BbcV%2BllMoV9OnhVbNHJJOPXJsHZxp7GkqcjVr%2FL0IghCHZ9L5Gsk6gwtVI8nNc8K3XKwFg%3D%3D","environmentVariables":{"FIREBASE_CONFIG":"{\"projectId\":\"skoob-d5938\",\"databaseURL\":\"https://skoob-d5938-default-rtdb.asia-southeast1.firebasedatabase.app\",\"storageBucket\":\"skoob-d5938.appspot.com\",\"locationId\":\"asia-northeast3\"}","GCLOUD_PROJECT":"skoob-d5938","EVENTARC_CLOUD_EVENT_SOURCE":"projects/skoob-d5938/locations/asia-northeast2/functions/sendStatusUpdatePushMessage"},"runtime":"nodejs18","buildEnvironmentVariables":{"GOOGLE_NODE_RUN_SCRIPTS":""},"dockerRegistry":"ARTIFACT_REGISTRY"},"versionId":"1","updateTime":"2024-06-02T13:15:41Z"}}
[debug] [2024-06-02T13:15:42.299Z] [create-default-asia-northeast2-sendStatusUpdatePushMessage] Retrying task index 0
[debug] [2024-06-02T13:15:42.301Z] >>> [apiv2][query] GET https://cloudfunctions.googleapis.com/v1/operations/c2tvb2ItZDU5MzgvYXNpYS1ub3J0aGVhc3QyL3NlbmRTdGF0dXNVcGRhdGVQdXNoTWVzc2FnZS9LRUhSZjdnR3RXTQ [none]
[debug] [2024-06-02T13:15:42.717Z] <<< [apiv2][status] GET https://cloudfunctions.googleapis.com/v1/operations/c2tvb2ItZDU5MzgvYXNpYS1ub3J0aGVhc3QyL3NlbmRTdGF0dXNVcGRhdGVQdXNoTWVzc2FnZS9LRUhSZjdnR3RXTQ 200
[debug] [2024-06-02T13:15:42.717Z] <<< [apiv2][body] GET https://cloudfunctions.googleapis.com/v1/operations/c2tvb2ItZDU5MzgvYXNpYS1ub3J0aGVhc3QyL3NlbmRTdGF0dXNVcGRhdGVQdXNoTWVzc2FnZS9LRUhSZjdnR3RXTQ {"name":"operations/c2tvb2ItZDU5MzgvYXNpYS1ub3J0aGVhc3QyL3NlbmRTdGF0dXNVcGRhdGVQdXNoTWVzc2FnZS9LRUhSZjdnR3RXTQ","metadata":{"@type":"type.googleapis.com/google.cloud.functions.v1.OperationMetadataV1","target":"projects/skoob-d5938/locations/asia-northeast2/functions/sendStatusUpdatePushMessage","type":"CREATE_FUNCTION","request":{"@type":"type.googleapis.com/google.cloud.functions.v1.CloudFunction","name":"projects/skoob-d5938/locations/asia-northeast2/functions/sendStatusUpdatePushMessage","httpsTrigger":{"securityLevel":"SECURE_ALWAYS"},"entryPoint":"sendStatusUpdatePushMessage","labels":{"deployment-tool":"cli-firebase","firebase-functions-hash":"e4dd17a17b6ba5c6c6bb225feb3e286867d346c2"},"sourceUploadUrl":"https://storage.googleapis.com/uploads-438064279022.asia-northeast2.cloudfunctions.appspot.com/fad67a39-5fd9-49c4-bb39-d1c853312fd2.zip?GoogleAccessId=service-263080703449@gcf-admin-robot.iam.gserviceaccount.com&Expires=1717335938&Signature=fDUAGWWPD85BzVKnVykqaD4QpzcKYMZaSwkMX7%2F61VPAiEIWtIWpDsBIpZvHKpAylHu8Cyb9jZTpEkKTlzTCd6YqbVV1FY84t9hj2w7SB6fXoxirVMsFbaa1kLaR3hHyY8mJPkM3cmqyMStPaXRbCvCPyUZgAZ4E7KFL163aktzFDthC%2FTUIEonNArWBqLY6cT1AY7BMG4DO%2BVbloq3%2Blr8aManI%2Fq1Ffhi%2FE8sqAunezefdWDAC4HD4uf2c2pQsjD1W6uNKSPXh9OJn%2BbcV%2BllMoV9OnhVbNHJJOPXJsHZxp7GkqcjVr%2FL0IghCHZ9L5Gsk6gwtVI8nNc8K3XKwFg%3D%3D","environmentVariables":{"FIREBASE_CONFIG":"{\"projectId\":\"skoob-d5938\",\"databaseURL\":\"https://skoob-d5938-default-rtdb.asia-southeast1.firebasedatabase.app\",\"storageBucket\":\"skoob-d5938.appspot.com\",\"locationId\":\"asia-northeast3\"}","GCLOUD_PROJECT":"skoob-d5938","EVENTARC_CLOUD_EVENT_SOURCE":"projects/skoob-d5938/locations/asia-northeast2/functions/sendStatusUpdatePushMessage"},"runtime":"nodejs18","buildEnvironmentVariables":{"GOOGLE_NODE_RUN_SCRIPTS":""},"dockerRegistry":"ARTIFACT_REGISTRY"},"versionId":"1","updateTime":"2024-06-02T13:15:42Z"}}
[debug] [2024-06-02T13:15:43.717Z] [create-default-asia-northeast2-sendStatusUpdatePushMessage] Retrying task index 0
[debug] [2024-06-02T13:15:43.718Z] >>> [apiv2][query] GET https://cloudfunctions.googleapis.com/v1/operations/c2tvb2ItZDU5MzgvYXNpYS1ub3J0aGVhc3QyL3NlbmRTdGF0dXNVcGRhdGVQdXNoTWVzc2FnZS9LRUhSZjdnR3RXTQ [none]
[debug] [2024-06-02T13:15:44.023Z] <<< [apiv2][status] GET https://cloudfunctions.googleapis.com/v1/operations/c2tvb2ItZDU5MzgvYXNpYS1ub3J0aGVhc3QyL3NlbmRTdGF0dXNVcGRhdGVQdXNoTWVzc2FnZS9LRUhSZjdnR3RXTQ 200
[debug] [2024-06-02T13:15:44.023Z] <<< [apiv2][body] GET https://cloudfunctions.googleapis.com/v1/operations/c2tvb2ItZDU5MzgvYXNpYS1ub3J0aGVhc3QyL3NlbmRTdGF0dXNVcGRhdGVQdXNoTWVzc2FnZS9LRUhSZjdnR3RXTQ {"name":"operations/c2tvb2ItZDU5MzgvYXNpYS1ub3J0aGVhc3QyL3NlbmRTdGF0dXNVcGRhdGVQdXNoTWVzc2FnZS9LRUhSZjdnR3RXTQ","metadata":{"@type":"type.googleapis.com/google.cloud.functions.v1.OperationMetadataV1","target":"projects/skoob-d5938/locations/asia-northeast2/functions/sendStatusUpdatePushMessage","type":"CREATE_FUNCTION","request":{"@type":"type.googleapis.com/google.cloud.functions.v1.CloudFunction","name":"projects/skoob-d5938/locations/asia-northeast2/functions/sendStatusUpdatePushMessage","httpsTrigger":{"securityLevel":"SECURE_ALWAYS"},"entryPoint":"sendStatusUpdatePushMessage","labels":{"deployment-tool":"cli-firebase","firebase-functions-hash":"e4dd17a17b6ba5c6c6bb225feb3e286867d346c2"},"sourceUploadUrl":"https://storage.googleapis.com/uploads-438064279022.asia-northeast2.cloudfunctions.appspot.com/fad67a39-5fd9-49c4-bb39-d1c853312fd2.zip?GoogleAccessId=service-263080703449@gcf-admin-robot.iam.gserviceaccount.com&Expires=1717335938&Signature=fDUAGWWPD85BzVKnVykqaD4QpzcKYMZaSwkMX7%2F61VPAiEIWtIWpDsBIpZvHKpAylHu8Cyb9jZTpEkKTlzTCd6YqbVV1FY84t9hj2w7SB6fXoxirVMsFbaa1kLaR3hHyY8mJPkM3cmqyMStPaXRbCvCPyUZgAZ4E7KFL163aktzFDthC%2FTUIEonNArWBqLY6cT1AY7BMG4DO%2BVbloq3%2Blr8aManI%2Fq1Ffhi%2FE8sqAunezefdWDAC4HD4uf2c2pQsjD1W6uNKSPXh9OJn%2BbcV%2BllMoV9OnhVbNHJJOPXJsHZxp7GkqcjVr%2FL0IghCHZ9L5Gsk6gwtVI8nNc8K3XKwFg%3D%3D","environmentVariables":{"FIREBASE_CONFIG":"{\"projectId\":\"skoob-d5938\",\"databaseURL\":\"https://skoob-d5938-default-rtdb.asia-southeast1.firebasedatabase.app\",\"storageBucket\":\"skoob-d5938.appspot.com\",\"locationId\":\"asia-northeast3\"}","GCLOUD_PROJECT":"skoob-d5938","EVENTARC_CLOUD_EVENT_SOURCE":"projects/skoob-d5938/locations/asia-northeast2/functions/sendStatusUpdatePushMessage"},"runtime":"nodejs18","buildEnvironmentVariables":{"GOOGLE_NODE_RUN_SCRIPTS":""},"dockerRegistry":"ARTIFACT_REGISTRY"},"versionId":"1","updateTime":"2024-06-02T13:15:42Z"}}
[debug] [2024-06-02T13:15:46.024Z] [create-default-asia-northeast2-sendStatusUpdatePushMessage] Retrying task index 0
[debug] [2024-06-02T13:15:46.025Z] >>> [apiv2][query] GET https://cloudfunctions.googleapis.com/v1/operations/c2tvb2ItZDU5MzgvYXNpYS1ub3J0aGVhc3QyL3NlbmRTdGF0dXNVcGRhdGVQdXNoTWVzc2FnZS9LRUhSZjdnR3RXTQ [none]
[debug] [2024-06-02T13:15:46.371Z] <<< [apiv2][status] GET https://cloudfunctions.googleapis.com/v1/operations/c2tvb2ItZDU5MzgvYXNpYS1ub3J0aGVhc3QyL3NlbmRTdGF0dXNVcGRhdGVQdXNoTWVzc2FnZS9LRUhSZjdnR3RXTQ 200
[debug] [2024-06-02T13:15:46.371Z] <<< [apiv2][body] GET https://cloudfunctions.googleapis.com/v1/operations/c2tvb2ItZDU5MzgvYXNpYS1ub3J0aGVhc3QyL3NlbmRTdGF0dXNVcGRhdGVQdXNoTWVzc2FnZS9LRUhSZjdnR3RXTQ {"name":"operations/c2tvb2ItZDU5MzgvYXNpYS1ub3J0aGVhc3QyL3NlbmRTdGF0dXNVcGRhdGVQdXNoTWVzc2FnZS9LRUhSZjdnR3RXTQ","metadata":{"@type":"type.googleapis.com/google.cloud.functions.v1.OperationMetadataV1","target":"projects/skoob-d5938/locations/asia-northeast2/functions/sendStatusUpdatePushMessage","type":"CREATE_FUNCTION","request":{"@type":"type.googleapis.com/google.cloud.functions.v1.CloudFunction","name":"projects/skoob-d5938/locations/asia-northeast2/functions/sendStatusUpdatePushMessage","httpsTrigger":{"securityLevel":"SECURE_ALWAYS"},"entryPoint":"sendStatusUpdatePushMessage","labels":{"deployment-tool":"cli-firebase","firebase-functions-hash":"e4dd17a17b6ba5c6c6bb225feb3e286867d346c2"},"sourceUploadUrl":"https://storage.googleapis.com/uploads-438064279022.asia-northeast2.cloudfunctions.appspot.com/fad67a39-5fd9-49c4-bb39-d1c853312fd2.zip?GoogleAccessId=service-263080703449@gcf-admin-robot.iam.gserviceaccount.com&Expires=1717335938&Signature=fDUAGWWPD85BzVKnVykqaD4QpzcKYMZaSwkMX7%2F61VPAiEIWtIWpDsBIpZvHKpAylHu8Cyb9jZTpEkKTlzTCd6YqbVV1FY84t9hj2w7SB6fXoxirVMsFbaa1kLaR3hHyY8mJPkM3cmqyMStPaXRbCvCPyUZgAZ4E7KFL163aktzFDthC%2FTUIEonNArWBqLY6cT1AY7BMG4DO%2BVbloq3%2Blr8aManI%2Fq1Ffhi%2FE8sqAunezefdWDAC4HD4uf2c2pQsjD1W6uNKSPXh9OJn%2BbcV%2BllMoV9OnhVbNHJJOPXJsHZxp7GkqcjVr%2FL0IghCHZ9L5Gsk6gwtVI8nNc8K3XKwFg%3D%3D","environmentVariables":{"FIREBASE_CONFIG":"{\"projectId\":\"skoob-d5938\",\"databaseURL\":\"https://skoob-d5938-default-rtdb.asia-southeast1.firebasedatabase.app\",\"storageBucket\":\"skoob-d5938.appspot.com\",\"locationId\":\"asia-northeast3\"}","GCLOUD_PROJECT":"skoob-d5938","EVENTARC_CLOUD_EVENT_SOURCE":"projects/skoob-d5938/locations/asia-northeast2/functions/sendStatusUpdatePushMessage"},"runtime":"nodejs18","buildEnvironmentVariables":{"GOOGLE_NODE_RUN_SCRIPTS":""},"dockerRegistry":"ARTIFACT_REGISTRY"},"versionId":"1","updateTime":"2024-06-02T13:15:42Z"}}
[debug] [2024-06-02T13:15:50.371Z] [create-default-asia-northeast2-sendStatusUpdatePushMessage] Retrying task index 0
[debug] [2024-06-02T13:15:50.371Z] >>> [apiv2][query] GET https://cloudfunctions.googleapis.com/v1/operations/c2tvb2ItZDU5MzgvYXNpYS1ub3J0aGVhc3QyL3NlbmRTdGF0dXNVcGRhdGVQdXNoTWVzc2FnZS9LRUhSZjdnR3RXTQ [none]
[debug] [2024-06-02T13:15:50.671Z] <<< [apiv2][status] GET https://cloudfunctions.googleapis.com/v1/operations/c2tvb2ItZDU5MzgvYXNpYS1ub3J0aGVhc3QyL3NlbmRTdGF0dXNVcGRhdGVQdXNoTWVzc2FnZS9LRUhSZjdnR3RXTQ 200
[debug] [2024-06-02T13:15:50.671Z] <<< [apiv2][body] GET https://cloudfunctions.googleapis.com/v1/operations/c2tvb2ItZDU5MzgvYXNpYS1ub3J0aGVhc3QyL3NlbmRTdGF0dXNVcGRhdGVQdXNoTWVzc2FnZS9LRUhSZjdnR3RXTQ {"name":"operations/c2tvb2ItZDU5MzgvYXNpYS1ub3J0aGVhc3QyL3NlbmRTdGF0dXNVcGRhdGVQdXNoTWVzc2FnZS9LRUhSZjdnR3RXTQ","metadata":{"@type":"type.googleapis.com/google.cloud.functions.v1.OperationMetadataV1","target":"projects/skoob-d5938/locations/asia-northeast2/functions/sendStatusUpdatePushMessage","type":"CREATE_FUNCTION","request":{"@type":"type.googleapis.com/google.cloud.functions.v1.CloudFunction","name":"projects/skoob-d5938/locations/asia-northeast2/functions/sendStatusUpdatePushMessage","httpsTrigger":{"securityLevel":"SECURE_ALWAYS"},"entryPoint":"sendStatusUpdatePushMessage","labels":{"deployment-tool":"cli-firebase","firebase-functions-hash":"e4dd17a17b6ba5c6c6bb225feb3e286867d346c2"},"sourceUploadUrl":"https://storage.googleapis.com/uploads-438064279022.asia-northeast2.cloudfunctions.appspot.com/fad67a39-5fd9-49c4-bb39-d1c853312fd2.zip?GoogleAccessId=service-263080703449@gcf-admin-robot.iam.gserviceaccount.com&Expires=1717335938&Signature=fDUAGWWPD85BzVKnVykqaD4QpzcKYMZaSwkMX7%2F61VPAiEIWtIWpDsBIpZvHKpAylHu8Cyb9jZTpEkKTlzTCd6YqbVV1FY84t9hj2w7SB6fXoxirVMsFbaa1kLaR3hHyY8mJPkM3cmqyMStPaXRbCvCPyUZgAZ4E7KFL163aktzFDthC%2FTUIEonNArWBqLY6cT1AY7BMG4DO%2BVbloq3%2Blr8aManI%2Fq1Ffhi%2FE8sqAunezefdWDAC4HD4uf2c2pQsjD1W6uNKSPXh9OJn%2BbcV%2BllMoV9OnhVbNHJJOPXJsHZxp7GkqcjVr%2FL0IghCHZ9L5Gsk6gwtVI8nNc8K3XKwFg%3D%3D","environmentVariables":{"FIREBASE_CONFIG":"{\"projectId\":\"skoob-d5938\",\"databaseURL\":\"https://skoob-d5938-default-rtdb.asia-southeast1.firebasedatabase.app\",\"storageBucket\":\"skoob-d5938.appspot.com\",\"locationId\":\"asia-northeast3\"}","GCLOUD_PROJECT":"skoob-d5938","EVENTARC_CLOUD_EVENT_SOURCE":"projects/skoob-d5938/locations/asia-northeast2/functions/sendStatusUpdatePushMessage"},"runtime":"nodejs18","buildEnvironmentVariables":{"GOOGLE_NODE_RUN_SCRIPTS":""},"dockerRegistry":"ARTIFACT_REGISTRY"},"versionId":"1","updateTime":"2024-06-02T13:15:42Z"}}
[debug] [2024-06-02T13:15:58.673Z] [create-default-asia-northeast2-sendStatusUpdatePushMessage] Retrying task index 0
[debug] [2024-06-02T13:15:58.673Z] >>> [apiv2][query] GET https://cloudfunctions.googleapis.com/v1/operations/c2tvb2ItZDU5MzgvYXNpYS1ub3J0aGVhc3QyL3NlbmRTdGF0dXNVcGRhdGVQdXNoTWVzc2FnZS9LRUhSZjdnR3RXTQ [none]
[debug] [2024-06-02T13:15:58.961Z] <<< [apiv2][status] GET https://cloudfunctions.googleapis.com/v1/operations/c2tvb2ItZDU5MzgvYXNpYS1ub3J0aGVhc3QyL3NlbmRTdGF0dXNVcGRhdGVQdXNoTWVzc2FnZS9LRUhSZjdnR3RXTQ 200
[debug] [2024-06-02T13:15:58.962Z] <<< [apiv2][body] GET https://cloudfunctions.googleapis.com/v1/operations/c2tvb2ItZDU5MzgvYXNpYS1ub3J0aGVhc3QyL3NlbmRTdGF0dXNVcGRhdGVQdXNoTWVzc2FnZS9LRUhSZjdnR3RXTQ {"name":"operations/c2tvb2ItZDU5MzgvYXNpYS1ub3J0aGVhc3QyL3NlbmRTdGF0dXNVcGRhdGVQdXNoTWVzc2FnZS9LRUhSZjdnR3RXTQ","metadata":{"@type":"type.googleapis.com/google.cloud.functions.v1.OperationMetadataV1","target":"projects/skoob-d5938/locations/asia-northeast2/functions/sendStatusUpdatePushMessage","type":"CREATE_FUNCTION","request":{"@type":"type.googleapis.com/google.cloud.functions.v1.CloudFunction","name":"projects/skoob-d5938/locations/asia-northeast2/functions/sendStatusUpdatePushMessage","httpsTrigger":{"securityLevel":"SECURE_ALWAYS"},"entryPoint":"sendStatusUpdatePushMessage","labels":{"deployment-tool":"cli-firebase","firebase-functions-hash":"e4dd17a17b6ba5c6c6bb225feb3e286867d346c2"},"sourceUploadUrl":"https://storage.googleapis.com/uploads-438064279022.asia-northeast2.cloudfunctions.appspot.com/fad67a39-5fd9-49c4-bb39-d1c853312fd2.zip?GoogleAccessId=service-263080703449@gcf-admin-robot.iam.gserviceaccount.com&Expires=1717335938&Signature=fDUAGWWPD85BzVKnVykqaD4QpzcKYMZaSwkMX7%2F61VPAiEIWtIWpDsBIpZvHKpAylHu8Cyb9jZTpEkKTlzTCd6YqbVV1FY84t9hj2w7SB6fXoxirVMsFbaa1kLaR3hHyY8mJPkM3cmqyMStPaXRbCvCPyUZgAZ4E7KFL163aktzFDthC%2FTUIEonNArWBqLY6cT1AY7BMG4DO%2BVbloq3%2Blr8aManI%2Fq1Ffhi%2FE8sqAunezefdWDAC4HD4uf2c2pQsjD1W6uNKSPXh9OJn%2BbcV%2BllMoV9OnhVbNHJJOPXJsHZxp7GkqcjVr%2FL0IghCHZ9L5Gsk6gwtVI8nNc8K3XKwFg%3D%3D","environmentVariables":{"FIREBASE_CONFIG":"{\"projectId\":\"skoob-d5938\",\"databaseURL\":\"https://skoob-d5938-default-rtdb.asia-southeast1.firebasedatabase.app\",\"storageBucket\":\"skoob-d5938.appspot.com\",\"locationId\":\"asia-northeast3\"}","GCLOUD_PROJECT":"skoob-d5938","EVENTARC_CLOUD_EVENT_SOURCE":"projects/skoob-d5938/locations/asia-northeast2/functions/sendStatusUpdatePushMessage"},"runtime":"nodejs18","buildEnvironmentVariables":{"GOOGLE_NODE_RUN_SCRIPTS":""},"dockerRegistry":"ARTIFACT_REGISTRY"},"versionId":"1","updateTime":"2024-06-02T13:15:42Z","buildId":"2ea8e557-1afe-41b0-9a92-3d1f824e4244","buildName":"projects/263080703449/locations/asia-northeast2/builds/2ea8e557-1afe-41b0-9a92-3d1f824e4244"}}
[debug] [2024-06-02T13:16:08.963Z] [create-default-asia-northeast2-sendStatusUpdatePushMessage] Retrying task index 0
[debug] [2024-06-02T13:16:08.963Z] >>> [apiv2][query] GET https://cloudfunctions.googleapis.com/v1/operations/c2tvb2ItZDU5MzgvYXNpYS1ub3J0aGVhc3QyL3NlbmRTdGF0dXNVcGRhdGVQdXNoTWVzc2FnZS9LRUhSZjdnR3RXTQ [none]
[debug] [2024-06-02T13:16:09.482Z] <<< [apiv2][status] GET https://cloudfunctions.googleapis.com/v1/operations/c2tvb2ItZDU5MzgvYXNpYS1ub3J0aGVhc3QyL3NlbmRTdGF0dXNVcGRhdGVQdXNoTWVzc2FnZS9LRUhSZjdnR3RXTQ 200
[debug] [2024-06-02T13:16:09.482Z] <<< [apiv2][body] GET https://cloudfunctions.googleapis.com/v1/operations/c2tvb2ItZDU5MzgvYXNpYS1ub3J0aGVhc3QyL3NlbmRTdGF0dXNVcGRhdGVQdXNoTWVzc2FnZS9LRUhSZjdnR3RXTQ {"name":"operations/c2tvb2ItZDU5MzgvYXNpYS1ub3J0aGVhc3QyL3NlbmRTdGF0dXNVcGRhdGVQdXNoTWVzc2FnZS9LRUhSZjdnR3RXTQ","metadata":{"@type":"type.googleapis.com/google.cloud.functions.v1.OperationMetadataV1","target":"projects/skoob-d5938/locations/asia-northeast2/functions/sendStatusUpdatePushMessage","type":"CREATE_FUNCTION","request":{"@type":"type.googleapis.com/google.cloud.functions.v1.CloudFunction","name":"projects/skoob-d5938/locations/asia-northeast2/functions/sendStatusUpdatePushMessage","httpsTrigger":{"securityLevel":"SECURE_ALWAYS"},"entryPoint":"sendStatusUpdatePushMessage","labels":{"deployment-tool":"cli-firebase","firebase-functions-hash":"e4dd17a17b6ba5c6c6bb225feb3e286867d346c2"},"sourceUploadUrl":"https://storage.googleapis.com/uploads-438064279022.asia-northeast2.cloudfunctions.appspot.com/fad67a39-5fd9-49c4-bb39-d1c853312fd2.zip?GoogleAccessId=service-263080703449@gcf-admin-robot.iam.gserviceaccount.com&Expires=1717335938&Signature=fDUAGWWPD85BzVKnVykqaD4QpzcKYMZaSwkMX7%2F61VPAiEIWtIWpDsBIpZvHKpAylHu8Cyb9jZTpEkKTlzTCd6YqbVV1FY84t9hj2w7SB6fXoxirVMsFbaa1kLaR3hHyY8mJPkM3cmqyMStPaXRbCvCPyUZgAZ4E7KFL163aktzFDthC%2FTUIEonNArWBqLY6cT1AY7BMG4DO%2BVbloq3%2Blr8aManI%2Fq1Ffhi%2FE8sqAunezefdWDAC4HD4uf2c2pQsjD1W6uNKSPXh9OJn%2BbcV%2BllMoV9OnhVbNHJJOPXJsHZxp7GkqcjVr%2FL0IghCHZ9L5Gsk6gwtVI8nNc8K3XKwFg%3D%3D","environmentVariables":{"FIREBASE_CONFIG":"{\"projectId\":\"skoob-d5938\",\"databaseURL\":\"https://skoob-d5938-default-rtdb.asia-southeast1.firebasedatabase.app\",\"storageBucket\":\"skoob-d5938.appspot.com\",\"locationId\":\"asia-northeast3\"}","GCLOUD_PROJECT":"skoob-d5938","EVENTARC_CLOUD_EVENT_SOURCE":"projects/skoob-d5938/locations/asia-northeast2/functions/sendStatusUpdatePushMessage"},"runtime":"nodejs18","buildEnvironmentVariables":{"GOOGLE_NODE_RUN_SCRIPTS":""},"dockerRegistry":"ARTIFACT_REGISTRY"},"versionId":"1","updateTime":"2024-06-02T13:15:42Z","buildId":"2ea8e557-1afe-41b0-9a92-3d1f824e4244","buildName":"projects/263080703449/locations/asia-northeast2/builds/2ea8e557-1afe-41b0-9a92-3d1f824e4244"}}
[debug] [2024-06-02T13:16:19.484Z] [create-default-asia-northeast2-sendStatusUpdatePushMessage] Retrying task index 0
[debug] [2024-06-02T13:16:19.486Z] >>> [apiv2][query] GET https://cloudfunctions.googleapis.com/v1/operations/c2tvb2ItZDU5MzgvYXNpYS1ub3J0aGVhc3QyL3NlbmRTdGF0dXNVcGRhdGVQdXNoTWVzc2FnZS9LRUhSZjdnR3RXTQ [none]
[debug] [2024-06-02T13:16:19.777Z] <<< [apiv2][status] GET https://cloudfunctions.googleapis.com/v1/operations/c2tvb2ItZDU5MzgvYXNpYS1ub3J0aGVhc3QyL3NlbmRTdGF0dXNVcGRhdGVQdXNoTWVzc2FnZS9LRUhSZjdnR3RXTQ 200
[debug] [2024-06-02T13:16:19.778Z] <<< [apiv2][body] GET https://cloudfunctions.googleapis.com/v1/operations/c2tvb2ItZDU5MzgvYXNpYS1ub3J0aGVhc3QyL3NlbmRTdGF0dXNVcGRhdGVQdXNoTWVzc2FnZS9LRUhSZjdnR3RXTQ {"name":"operations/c2tvb2ItZDU5MzgvYXNpYS1ub3J0aGVhc3QyL3NlbmRTdGF0dXNVcGRhdGVQdXNoTWVzc2FnZS9LRUhSZjdnR3RXTQ","metadata":{"@type":"type.googleapis.com/google.cloud.functions.v1.OperationMetadataV1","target":"projects/skoob-d5938/locations/asia-northeast2/functions/sendStatusUpdatePushMessage","type":"CREATE_FUNCTION","request":{"@type":"type.googleapis.com/google.cloud.functions.v1.CloudFunction","name":"projects/skoob-d5938/locations/asia-northeast2/functions/sendStatusUpdatePushMessage","httpsTrigger":{"securityLevel":"SECURE_ALWAYS"},"entryPoint":"sendStatusUpdatePushMessage","labels":{"deployment-tool":"cli-firebase","firebase-functions-hash":"e4dd17a17b6ba5c6c6bb225feb3e286867d346c2"},"sourceUploadUrl":"https://storage.googleapis.com/uploads-438064279022.asia-northeast2.cloudfunctions.appspot.com/fad67a39-5fd9-49c4-bb39-d1c853312fd2.zip?GoogleAccessId=service-263080703449@gcf-admin-robot.iam.gserviceaccount.com&Expires=1717335938&Signature=fDUAGWWPD85BzVKnVykqaD4QpzcKYMZaSwkMX7%2F61VPAiEIWtIWpDsBIpZvHKpAylHu8Cyb9jZTpEkKTlzTCd6YqbVV1FY84t9hj2w7SB6fXoxirVMsFbaa1kLaR3hHyY8mJPkM3cmqyMStPaXRbCvCPyUZgAZ4E7KFL163aktzFDthC%2FTUIEonNArWBqLY6cT1AY7BMG4DO%2BVbloq3%2Blr8aManI%2Fq1Ffhi%2FE8sqAunezefdWDAC4HD4uf2c2pQsjD1W6uNKSPXh9OJn%2BbcV%2BllMoV9OnhVbNHJJOPXJsHZxp7GkqcjVr%2FL0IghCHZ9L5Gsk6gwtVI8nNc8K3XKwFg%3D%3D","environmentVariables":{"FIREBASE_CONFIG":"{\"projectId\":\"skoob-d5938\",\"databaseURL\":\"https://skoob-d5938-default-rtdb.asia-southeast1.firebasedatabase.app\",\"storageBucket\":\"skoob-d5938.appspot.com\",\"locationId\":\"asia-northeast3\"}","GCLOUD_PROJECT":"skoob-d5938","EVENTARC_CLOUD_EVENT_SOURCE":"projects/skoob-d5938/locations/asia-northeast2/functions/sendStatusUpdatePushMessage"},"runtime":"nodejs18","buildEnvironmentVariables":{"GOOGLE_NODE_RUN_SCRIPTS":""},"dockerRegistry":"ARTIFACT_REGISTRY"},"versionId":"1","updateTime":"2024-06-02T13:15:42Z","buildId":"2ea8e557-1afe-41b0-9a92-3d1f824e4244","buildName":"projects/263080703449/locations/asia-northeast2/builds/2ea8e557-1afe-41b0-9a92-3d1f824e4244"}}
[debug] [2024-06-02T13:16:29.779Z] [create-default-asia-northeast2-sendStatusUpdatePushMessage] Retrying task index 0
[debug] [2024-06-02T13:16:29.780Z] >>> [apiv2][query] GET https://cloudfunctions.googleapis.com/v1/operations/c2tvb2ItZDU5MzgvYXNpYS1ub3J0aGVhc3QyL3NlbmRTdGF0dXNVcGRhdGVQdXNoTWVzc2FnZS9LRUhSZjdnR3RXTQ [none]
[debug] [2024-06-02T13:16:30.132Z] <<< [apiv2][status] GET https://cloudfunctions.googleapis.com/v1/operations/c2tvb2ItZDU5MzgvYXNpYS1ub3J0aGVhc3QyL3NlbmRTdGF0dXNVcGRhdGVQdXNoTWVzc2FnZS9LRUhSZjdnR3RXTQ 200
[debug] [2024-06-02T13:16:30.132Z] <<< [apiv2][body] GET https://cloudfunctions.googleapis.com/v1/operations/c2tvb2ItZDU5MzgvYXNpYS1ub3J0aGVhc3QyL3NlbmRTdGF0dXNVcGRhdGVQdXNoTWVzc2FnZS9LRUhSZjdnR3RXTQ {"name":"operations/c2tvb2ItZDU5MzgvYXNpYS1ub3J0aGVhc3QyL3NlbmRTdGF0dXNVcGRhdGVQdXNoTWVzc2FnZS9LRUhSZjdnR3RXTQ","metadata":{"@type":"type.googleapis.com/google.cloud.functions.v1.OperationMetadataV1","target":"projects/skoob-d5938/locations/asia-northeast2/functions/sendStatusUpdatePushMessage","type":"CREATE_FUNCTION","request":{"@type":"type.googleapis.com/google.cloud.functions.v1.CloudFunction","name":"projects/skoob-d5938/locations/asia-northeast2/functions/sendStatusUpdatePushMessage","httpsTrigger":{"securityLevel":"SECURE_ALWAYS"},"entryPoint":"sendStatusUpdatePushMessage","labels":{"deployment-tool":"cli-firebase","firebase-functions-hash":"e4dd17a17b6ba5c6c6bb225feb3e286867d346c2"},"sourceUploadUrl":"https://storage.googleapis.com/uploads-438064279022.asia-northeast2.cloudfunctions.appspot.com/fad67a39-5fd9-49c4-bb39-d1c853312fd2.zip?GoogleAccessId=service-263080703449@gcf-admin-robot.iam.gserviceaccount.com&Expires=1717335938&Signature=fDUAGWWPD85BzVKnVykqaD4QpzcKYMZaSwkMX7%2F61VPAiEIWtIWpDsBIpZvHKpAylHu8Cyb9jZTpEkKTlzTCd6YqbVV1FY84t9hj2w7SB6fXoxirVMsFbaa1kLaR3hHyY8mJPkM3cmqyMStPaXRbCvCPyUZgAZ4E7KFL163aktzFDthC%2FTUIEonNArWBqLY6cT1AY7BMG4DO%2BVbloq3%2Blr8aManI%2Fq1Ffhi%2FE8sqAunezefdWDAC4HD4uf2c2pQsjD1W6uNKSPXh9OJn%2BbcV%2BllMoV9OnhVbNHJJOPXJsHZxp7GkqcjVr%2FL0IghCHZ9L5Gsk6gwtVI8nNc8K3XKwFg%3D%3D","environmentVariables":{"FIREBASE_CONFIG":"{\"projectId\":\"skoob-d5938\",\"databaseURL\":\"https://skoob-d5938-default-rtdb.asia-southeast1.firebasedatabase.app\",\"storageBucket\":\"skoob-d5938.appspot.com\",\"locationId\":\"asia-northeast3\"}","GCLOUD_PROJECT":"skoob-d5938","EVENTARC_CLOUD_EVENT_SOURCE":"projects/skoob-d5938/locations/asia-northeast2/functions/sendStatusUpdatePushMessage"},"runtime":"nodejs18","buildEnvironmentVariables":{"GOOGLE_NODE_RUN_SCRIPTS":""},"dockerRegistry":"ARTIFACT_REGISTRY"},"versionId":"1","updateTime":"2024-06-02T13:15:42Z","buildId":"2ea8e557-1afe-41b0-9a92-3d1f824e4244","buildName":"projects/263080703449/locations/asia-northeast2/builds/2ea8e557-1afe-41b0-9a92-3d1f824e4244"}}
